---------------------Sequential execution---------------------
   PE = -6.985593e+36, KE = 2.250000e+35, Total Energy = -6.760593e+36
0.00
  0  0.000e+00    0.000e+00    0.000e+00    3.000e+04
  1  1.000e+05    0.000e+00    0.000e+00   -3.000e+04
  2  2.000e+05    0.000e+00    0.000e+00    3.000e+04
  3  3.000e+05    0.000e+00    0.000e+00   -3.000e+04
  4  4.000e+05    0.000e+00    0.000e+00    3.000e+04
  5  5.000e+05    0.000e+00    0.000e+00   -3.000e+04
  6  6.000e+05    0.000e+00    0.000e+00    3.000e+04
  7  7.000e+05    0.000e+00    0.000e+00   -3.000e+04
  8  8.000e+05    0.000e+00    0.000e+00    3.000e+04
  9  9.000e+05    0.000e+00    0.000e+00   -3.000e+04
 10  1.000e+06    0.000e+00    0.000e+00    3.000e+04
 11  1.100e+06    0.000e+00    0.000e+00   -3.000e+04
 12  1.200e+06    0.000e+00    0.000e+00    3.000e+04
 13  1.300e+06    0.000e+00    0.000e+00   -3.000e+04
 14  1.400e+06    0.000e+00    0.000e+00    3.000e+04
 15  1.500e+06    0.000e+00    0.000e+00   -3.000e+04
 16  1.600e+06    0.000e+00    0.000e+00    3.000e+04
 17  1.700e+06    0.000e+00    0.000e+00   -3.000e+04
 18  1.800e+06    0.000e+00    0.000e+00    3.000e+04
 19  1.900e+06    0.000e+00    0.000e+00   -3.000e+04
 20  2.000e+06    0.000e+00    0.000e+00    3.000e+04
 21  2.100e+06    0.000e+00    0.000e+00   -3.000e+04
 22  2.200e+06    0.000e+00    0.000e+00    3.000e+04
 23  2.300e+06    0.000e+00    0.000e+00   -3.000e+04
 24  2.400e+06    0.000e+00    0.000e+00    3.000e+04
 25  2.500e+06    0.000e+00    0.000e+00   -3.000e+04
 26  2.600e+06    0.000e+00    0.000e+00    3.000e+04
 27  2.700e+06    0.000e+00    0.000e+00   -3.000e+04
 28  2.800e+06    0.000e+00    0.000e+00    3.000e+04
 29  2.900e+06    0.000e+00    0.000e+00   -3.000e+04
 30  3.000e+06    0.000e+00    0.000e+00    3.000e+04
 31  3.100e+06    0.000e+00    0.000e+00   -3.000e+04
 32  3.200e+06    0.000e+00    0.000e+00    3.000e+04
 33  3.300e+06    0.000e+00    0.000e+00   -3.000e+04
 34  3.400e+06    0.000e+00    0.000e+00    3.000e+04
 35  3.500e+06    0.000e+00    0.000e+00   -3.000e+04
 36  3.600e+06    0.000e+00    0.000e+00    3.000e+04
 37  3.700e+06    0.000e+00    0.000e+00   -3.000e+04
 38  3.800e+06    0.000e+00    0.000e+00    3.000e+04
 39  3.900e+06    0.000e+00    0.000e+00   -3.000e+04
 40  4.000e+06    0.000e+00    0.000e+00    3.000e+04
 41  4.100e+06    0.000e+00    0.000e+00   -3.000e+04
 42  4.200e+06    0.000e+00    0.000e+00    3.000e+04
 43  4.300e+06    0.000e+00    0.000e+00   -3.000e+04
 44  4.400e+06    0.000e+00    0.000e+00    3.000e+04
 45  4.500e+06    0.000e+00    0.000e+00   -3.000e+04
 46  4.600e+06    0.000e+00    0.000e+00    3.000e+04
 47  4.700e+06    0.000e+00    0.000e+00   -3.000e+04
 48  4.800e+06    0.000e+00    0.000e+00    3.000e+04
 49  4.900e+06    0.000e+00    0.000e+00   -3.000e+04
 50  5.000e+06    0.000e+00    0.000e+00    3.000e+04
 51  5.100e+06    0.000e+00    0.000e+00   -3.000e+04
 52  5.200e+06    0.000e+00    0.000e+00    3.000e+04
 53  5.300e+06    0.000e+00    0.000e+00   -3.000e+04
 54  5.400e+06    0.000e+00    0.000e+00    3.000e+04
 55  5.500e+06    0.000e+00    0.000e+00   -3.000e+04
 56  5.600e+06    0.000e+00    0.000e+00    3.000e+04
 57  5.700e+06    0.000e+00    0.000e+00   -3.000e+04
 58  5.800e+06    0.000e+00    0.000e+00    3.000e+04
 59  5.900e+06    0.000e+00    0.000e+00   -3.000e+04
 60  6.000e+06    0.000e+00    0.000e+00    3.000e+04
 61  6.100e+06    0.000e+00    0.000e+00   -3.000e+04
 62  6.200e+06    0.000e+00    0.000e+00    3.000e+04
 63  6.300e+06    0.000e+00    0.000e+00   -3.000e+04
 64  6.400e+06    0.000e+00    0.000e+00    3.000e+04
 65  6.500e+06    0.000e+00    0.000e+00   -3.000e+04
 66  6.600e+06    0.000e+00    0.000e+00    3.000e+04
 67  6.700e+06    0.000e+00    0.000e+00   -3.000e+04
 68  6.800e+06    0.000e+00    0.000e+00    3.000e+04
 69  6.900e+06    0.000e+00    0.000e+00   -3.000e+04
 70  7.000e+06    0.000e+00    0.000e+00    3.000e+04
 71  7.100e+06    0.000e+00    0.000e+00   -3.000e+04
 72  7.200e+06    0.000e+00    0.000e+00    3.000e+04
 73  7.300e+06    0.000e+00    0.000e+00   -3.000e+04
 74  7.400e+06    0.000e+00    0.000e+00    3.000e+04
 75  7.500e+06    0.000e+00    0.000e+00   -3.000e+04
 76  7.600e+06    0.000e+00    0.000e+00    3.000e+04
 77  7.700e+06    0.000e+00    0.000e+00   -3.000e+04
 78  7.800e+06    0.000e+00    0.000e+00    3.000e+04
 79  7.900e+06    0.000e+00    0.000e+00   -3.000e+04
 80  8.000e+06    0.000e+00    0.000e+00    3.000e+04
 81  8.100e+06    0.000e+00    0.000e+00   -3.000e+04
 82  8.200e+06    0.000e+00    0.000e+00    3.000e+04
 83  8.300e+06    0.000e+00    0.000e+00   -3.000e+04
 84  8.400e+06    0.000e+00    0.000e+00    3.000e+04
 85  8.500e+06    0.000e+00    0.000e+00   -3.000e+04
 86  8.600e+06    0.000e+00    0.000e+00    3.000e+04
 87  8.700e+06    0.000e+00    0.000e+00   -3.000e+04
 88  8.800e+06    0.000e+00    0.000e+00    3.000e+04
 89  8.900e+06    0.000e+00    0.000e+00   -3.000e+04
 90  9.000e+06    0.000e+00    0.000e+00    3.000e+04
 91  9.100e+06    0.000e+00    0.000e+00   -3.000e+04
 92  9.200e+06    0.000e+00    0.000e+00    3.000e+04
 93  9.300e+06    0.000e+00    0.000e+00   -3.000e+04
 94  9.400e+06    0.000e+00    0.000e+00    3.000e+04
 95  9.500e+06    0.000e+00    0.000e+00   -3.000e+04
 96  9.600e+06    0.000e+00    0.000e+00    3.000e+04
 97  9.700e+06    0.000e+00    0.000e+00   -3.000e+04
 98  9.800e+06    0.000e+00    0.000e+00    3.000e+04
 99  9.900e+06    0.000e+00    0.000e+00   -3.000e+04

5.00
  0  2.484e+05   -1.511e+05    7.093e+04   -2.357e+04
  1  8.424e+05   -6.100e+04    5.263e+04   -3.538e+05
  2  2.576e+05    5.084e+02    5.043e+04   -2.109e+04
  3  4.635e+05    7.743e+04    1.227e+05   -2.081e+04
  4  4.745e+05    3.288e+04    4.270e+04    8.126e+04
  5  5.539e+05    7.175e+04    1.428e+04    1.955e+04
  6  6.499e+05   -8.895e+02    2.889e+04    4.065e+04
  7  7.519e+05    7.842e+04    6.091e+04    7.052e+04
  8  8.478e+05    1.082e+04    1.796e+05    2.258e+05
  9  9.303e+05    2.659e+04   -4.806e+02   -1.250e+04
 10  1.030e+06   -2.481e+04    7.760e+03    1.338e+04
 11  1.128e+06    2.621e+04    8.533e+03   -1.143e+04
 12  1.226e+06   -2.567e+04    8.697e+03    1.198e+04
 13  1.324e+06    2.624e+04    8.333e+03   -1.124e+04
 14  1.422e+06   -2.604e+04    7.933e+03    1.140e+04
 15  1.520e+06    2.634e+04    7.483e+03   -1.102e+04
 16  1.619e+06   -2.624e+04    7.039e+03    1.107e+04
 17  1.718e+06    2.643e+04    6.620e+03   -1.084e+04
 18  1.816e+06   -2.638e+04    6.213e+03    1.085e+04
 19  1.915e+06    2.650e+04    5.841e+03   -1.070e+04
 20  2.014e+06   -2.647e+04    5.481e+03    1.069e+04
 21  2.113e+06    2.655e+04    5.154e+03   -1.059e+04
 22  2.213e+06   -2.654e+04    4.838e+03    1.058e+04
 23  2.312e+06    2.659e+04    4.550e+03   -1.051e+04
 24  2.411e+06   -2.659e+04    4.271e+03    1.050e+04
 25  2.510e+06    2.663e+04    4.014e+03   -1.044e+04
 26  2.610e+06   -2.662e+04    3.766e+03    1.043e+04
 27  2.709e+06    2.666e+04    3.536e+03   -1.039e+04
 28  2.809e+06   -2.665e+04    3.313e+03    1.038e+04
 29  2.908e+06    2.668e+04    3.105e+03   -1.035e+04
 30  3.007e+06   -2.668e+04    2.902e+03    1.034e+04
 31  3.107e+06    2.670e+04    2.712e+03   -1.031e+04
 32  3.206e+06   -2.670e+04    2.526e+03    1.031e+04
 33  3.306e+06    2.671e+04    2.351e+03   -1.029e+04
 34  3.406e+06   -2.671e+04    2.179e+03    1.028e+04
 35  3.505e+06    2.672e+04    2.015e+03   -1.026e+04
 36  3.605e+06   -2.672e+04    1.855e+03    1.026e+04
 37  3.704e+06    2.673e+04    1.701e+03   -1.025e+04
 38  3.804e+06   -2.673e+04    1.550e+03    1.024e+04
 39  3.904e+06    2.674e+04    1.404e+03   -1.023e+04
 40  4.003e+06   -2.674e+04    1.260e+03    1.023e+04
 41  4.103e+06    2.675e+04    1.120e+03   -1.022e+04
 42  4.203e+06   -2.675e+04    9.819e+02    1.022e+04
 43  4.302e+06    2.675e+04    8.471e+02   -1.021e+04
 44  4.402e+06   -2.675e+04    7.131e+02    1.021e+04
 45  4.501e+06    2.675e+04    5.817e+02   -1.021e+04
 46  4.601e+06   -2.675e+04    4.507e+02    1.021e+04
 47  4.701e+06    2.676e+04    3.216e+02   -1.020e+04
 48  4.800e+06   -2.676e+04    1.923e+02    1.020e+04
 49  4.900e+06    2.676e+04    6.437e+01   -1.020e+04
 50  5.000e+06   -2.676e+04   -6.437e+01    1.020e+04
 51  5.100e+06    2.676e+04   -1.923e+02   -1.020e+04
 52  5.199e+06   -2.676e+04   -3.216e+02    1.020e+04
 53  5.299e+06    2.675e+04   -4.507e+02   -1.021e+04
 54  5.399e+06   -2.675e+04   -5.817e+02    1.021e+04
 55  5.498e+06    2.675e+04   -7.131e+02   -1.021e+04
 56  5.598e+06   -2.675e+04   -8.471e+02    1.021e+04
 57  5.697e+06    2.675e+04   -9.819e+02   -1.022e+04
 58  5.797e+06   -2.675e+04   -1.120e+03    1.022e+04
 59  5.897e+06    2.674e+04   -1.260e+03   -1.023e+04
 60  5.996e+06   -2.674e+04   -1.404e+03    1.023e+04
 61  6.096e+06    2.673e+04   -1.550e+03   -1.024e+04
 62  6.196e+06   -2.673e+04   -1.701e+03    1.025e+04
 63  6.295e+06    2.672e+04   -1.855e+03   -1.026e+04
 64  6.395e+06   -2.672e+04   -2.015e+03    1.026e+04
 65  6.494e+06    2.671e+04   -2.179e+03   -1.028e+04
 66  6.594e+06   -2.671e+04   -2.351e+03    1.029e+04
 67  6.694e+06    2.670e+04   -2.526e+03   -1.031e+04
 68  6.793e+06   -2.670e+04   -2.712e+03    1.031e+04
 69  6.893e+06    2.668e+04   -2.902e+03   -1.034e+04
 70  6.992e+06   -2.668e+04   -3.105e+03    1.035e+04
 71  7.091e+06    2.665e+04   -3.313e+03   -1.038e+04
 72  7.191e+06   -2.666e+04   -3.536e+03    1.039e+04
 73  7.290e+06    2.662e+04   -3.766e+03   -1.043e+04
 74  7.390e+06   -2.663e+04   -4.014e+03    1.044e+04
 75  7.489e+06    2.659e+04   -4.271e+03   -1.050e+04
 76  7.588e+06   -2.659e+04   -4.550e+03    1.051e+04
 77  7.687e+06    2.654e+04   -4.838e+03   -1.058e+04
 78  7.787e+06   -2.655e+04   -5.154e+03    1.059e+04
 79  7.886e+06    2.647e+04   -5.481e+03   -1.069e+04
 80  7.985e+06   -2.650e+04   -5.841e+03    1.070e+04
 81  8.084e+06    2.638e+04   -6.213e+03   -1.085e+04
 82  8.182e+06   -2.643e+04   -6.620e+03    1.084e+04
 83  8.281e+06    2.624e+04   -7.039e+03   -1.107e+04
 84  8.380e+06   -2.634e+04   -7.483e+03    1.102e+04
 85  8.478e+06    2.604e+04   -7.933e+03   -1.140e+04
 86  8.576e+06   -2.624e+04   -8.333e+03    1.124e+04
 87  8.674e+06    2.567e+04   -8.697e+03   -1.198e+04
 88  8.772e+06   -2.621e+04   -8.533e+03    1.143e+04
 89  8.870e+06    2.481e+04   -7.760e+03   -1.338e+04
 90  8.970e+06   -2.659e+04    4.806e+02    1.250e+04
 91  9.052e+06   -1.082e+04   -1.796e+05   -2.258e+05
 92  9.148e+06   -7.842e+04   -6.091e+04   -7.052e+04
 93  9.250e+06    8.895e+02   -2.889e+04   -4.065e+04
 94  9.346e+06   -7.175e+04   -1.428e+04   -1.955e+04
 95  9.425e+06   -3.288e+04   -4.270e+04   -8.126e+04
 96  9.437e+06   -7.743e+04   -1.227e+05    2.081e+04
 97  9.642e+06   -5.084e+02   -5.043e+04    2.109e+04
 98  9.058e+06    6.100e+04   -5.263e+04    3.538e+05
 99  9.652e+06    1.511e+05   -7.093e+04    2.357e+04

   PE = -7.035612e+36, KE = 1.304554e+36, Total Energy = -5.731058e+36
Elapsed time = 3.389001e-02 seconds
----------------------Parallel execution----------------------
   PE = -6.985593e+36, KE = 2.250000e+35, Total Energy = -6.760593e+36
0.00
  0  0.000e+00    0.000e+00    0.000e+00    3.000e+04
  1  1.000e+05    0.000e+00    0.000e+00   -3.000e+04
  2  2.000e+05    0.000e+00    0.000e+00    3.000e+04
  3  3.000e+05    0.000e+00    0.000e+00   -3.000e+04
  4  4.000e+05    0.000e+00    0.000e+00    3.000e+04
  5  5.000e+05    0.000e+00    0.000e+00   -3.000e+04
  6  6.000e+05    0.000e+00    0.000e+00    3.000e+04
  7  7.000e+05    0.000e+00    0.000e+00   -3.000e+04
  8  8.000e+05    0.000e+00    0.000e+00    3.000e+04
  9  9.000e+05    0.000e+00    0.000e+00   -3.000e+04
 10  1.000e+06    0.000e+00    0.000e+00    3.000e+04
 11  1.100e+06    0.000e+00    0.000e+00   -3.000e+04
 12  1.200e+06    0.000e+00    0.000e+00    3.000e+04
 13  1.300e+06    0.000e+00    0.000e+00   -3.000e+04
 14  1.400e+06    0.000e+00    0.000e+00    3.000e+04
 15  1.500e+06    0.000e+00    0.000e+00   -3.000e+04
 16  1.600e+06    0.000e+00    0.000e+00    3.000e+04
 17  1.700e+06    0.000e+00    0.000e+00   -3.000e+04
 18  1.800e+06    0.000e+00    0.000e+00    3.000e+04
 19  1.900e+06    0.000e+00    0.000e+00   -3.000e+04
 20  2.000e+06    0.000e+00    0.000e+00    3.000e+04
 21  2.100e+06    0.000e+00    0.000e+00   -3.000e+04
 22  2.200e+06    0.000e+00    0.000e+00    3.000e+04
 23  2.300e+06    0.000e+00    0.000e+00   -3.000e+04
 24  2.400e+06    0.000e+00    0.000e+00    3.000e+04
 25  2.500e+06    0.000e+00    0.000e+00   -3.000e+04
 26  2.600e+06    0.000e+00    0.000e+00    3.000e+04
 27  2.700e+06    0.000e+00    0.000e+00   -3.000e+04
 28  2.800e+06    0.000e+00    0.000e+00    3.000e+04
 29  2.900e+06    0.000e+00    0.000e+00   -3.000e+04
 30  3.000e+06    0.000e+00    0.000e+00    3.000e+04
 31  3.100e+06    0.000e+00    0.000e+00   -3.000e+04
 32  3.200e+06    0.000e+00    0.000e+00    3.000e+04
 33  3.300e+06    0.000e+00    0.000e+00   -3.000e+04
 34  3.400e+06    0.000e+00    0.000e+00    3.000e+04
 35  3.500e+06    0.000e+00    0.000e+00   -3.000e+04
 36  3.600e+06    0.000e+00    0.000e+00    3.000e+04
 37  3.700e+06    0.000e+00    0.000e+00   -3.000e+04
 38  3.800e+06    0.000e+00    0.000e+00    3.000e+04
 39  3.900e+06    0.000e+00    0.000e+00   -3.000e+04
 40  4.000e+06    0.000e+00    0.000e+00    3.000e+04
 41  4.100e+06    0.000e+00    0.000e+00   -3.000e+04
 42  4.200e+06    0.000e+00    0.000e+00    3.000e+04
 43  4.300e+06    0.000e+00    0.000e+00   -3.000e+04
 44  4.400e+06    0.000e+00    0.000e+00    3.000e+04
 45  4.500e+06    0.000e+00    0.000e+00   -3.000e+04
 46  4.600e+06    0.000e+00    0.000e+00    3.000e+04
 47  4.700e+06    0.000e+00    0.000e+00   -3.000e+04
 48  4.800e+06    0.000e+00    0.000e+00    3.000e+04
 49  4.900e+06    0.000e+00    0.000e+00   -3.000e+04
 50  5.000e+06    0.000e+00    0.000e+00    3.000e+04
 51  5.100e+06    0.000e+00    0.000e+00   -3.000e+04
 52  5.200e+06    0.000e+00    0.000e+00    3.000e+04
 53  5.300e+06    0.000e+00    0.000e+00   -3.000e+04
 54  5.400e+06    0.000e+00    0.000e+00    3.000e+04
 55  5.500e+06    0.000e+00    0.000e+00   -3.000e+04
 56  5.600e+06    0.000e+00    0.000e+00    3.000e+04
 57  5.700e+06    0.000e+00    0.000e+00   -3.000e+04
 58  5.800e+06    0.000e+00    0.000e+00    3.000e+04
 59  5.900e+06    0.000e+00    0.000e+00   -3.000e+04
 60  6.000e+06    0.000e+00    0.000e+00    3.000e+04
 61  6.100e+06    0.000e+00    0.000e+00   -3.000e+04
 62  6.200e+06    0.000e+00    0.000e+00    3.000e+04
 63  6.300e+06    0.000e+00    0.000e+00   -3.000e+04
 64  6.400e+06    0.000e+00    0.000e+00    3.000e+04
 65  6.500e+06    0.000e+00    0.000e+00   -3.000e+04
 66  6.600e+06    0.000e+00    0.000e+00    3.000e+04
 67  6.700e+06    0.000e+00    0.000e+00   -3.000e+04
 68  6.800e+06    0.000e+00    0.000e+00    3.000e+04
 69  6.900e+06    0.000e+00    0.000e+00   -3.000e+04
 70  7.000e+06    0.000e+00    0.000e+00    3.000e+04
 71  7.100e+06    0.000e+00    0.000e+00   -3.000e+04
 72  7.200e+06    0.000e+00    0.000e+00    3.000e+04
 73  7.300e+06    0.000e+00    0.000e+00   -3.000e+04
 74  7.400e+06    0.000e+00    0.000e+00    3.000e+04
 75  7.500e+06    0.000e+00    0.000e+00   -3.000e+04
 76  7.600e+06    0.000e+00    0.000e+00    3.000e+04
 77  7.700e+06    0.000e+00    0.000e+00   -3.000e+04
 78  7.800e+06    0.000e+00    0.000e+00    3.000e+04
 79  7.900e+06    0.000e+00    0.000e+00   -3.000e+04
 80  8.000e+06    0.000e+00    0.000e+00    3.000e+04
 81  8.100e+06    0.000e+00    0.000e+00   -3.000e+04
 82  8.200e+06    0.000e+00    0.000e+00    3.000e+04
 83  8.300e+06    0.000e+00    0.000e+00   -3.000e+04
 84  8.400e+06    0.000e+00    0.000e+00    3.000e+04
 85  8.500e+06    0.000e+00    0.000e+00   -3.000e+04
 86  8.600e+06    0.000e+00    0.000e+00    3.000e+04
 87  8.700e+06    0.000e+00    0.000e+00   -3.000e+04
 88  8.800e+06    0.000e+00    0.000e+00    3.000e+04
 89  8.900e+06    0.000e+00    0.000e+00   -3.000e+04
 90  9.000e+06    0.000e+00    0.000e+00    3.000e+04
 91  9.100e+06    0.000e+00    0.000e+00   -3.000e+04
 92  9.200e+06    0.000e+00    0.000e+00    3.000e+04
 93  9.300e+06    0.000e+00    0.000e+00   -3.000e+04
 94  9.400e+06    0.000e+00    0.000e+00    3.000e+04
 95  9.500e+06    0.000e+00    0.000e+00   -3.000e+04
 96  9.600e+06    0.000e+00    0.000e+00    3.000e+04
 97  9.700e+06    0.000e+00    0.000e+00   -3.000e+04
 98  9.800e+06    0.000e+00    0.000e+00    3.000e+04
 99  9.900e+06    0.000e+00    0.000e+00   -3.000e+04

5.00
  0  2.484e+05   -1.511e+05    7.093e+04   -2.357e+04
  1  8.424e+05   -6.100e+04    5.263e+04   -3.538e+05
  2  2.576e+05    5.084e+02    5.043e+04   -2.109e+04
  3  4.635e+05    7.743e+04    1.227e+05   -2.081e+04
  4  4.745e+05    3.288e+04    4.270e+04    8.126e+04
  5  5.539e+05    7.175e+04    1.428e+04    1.955e+04
  6  6.499e+05   -8.895e+02    2.889e+04    4.065e+04
  7  7.519e+05    7.842e+04    6.091e+04    7.052e+04
  8  8.478e+05    1.082e+04    1.796e+05    2.258e+05
  9  9.303e+05    2.659e+04   -4.806e+02   -1.250e+04
 10  1.030e+06   -2.481e+04    7.760e+03    1.338e+04
 11  1.128e+06    2.621e+04    8.533e+03   -1.143e+04
 12  1.226e+06   -2.567e+04    8.697e+03    1.198e+04
 13  1.324e+06    2.624e+04    8.333e+03   -1.124e+04
 14  1.422e+06   -2.604e+04    7.933e+03    1.140e+04
 15  1.520e+06    2.634e+04    7.483e+03   -1.102e+04
 16  1.619e+06   -2.624e+04    7.039e+03    1.107e+04
 17  1.718e+06    2.643e+04    6.620e+03   -1.084e+04
 18  1.816e+06   -2.638e+04    6.213e+03    1.085e+04
 19  1.915e+06    2.650e+04    5.841e+03   -1.070e+04
 20  2.014e+06   -2.647e+04    5.481e+03    1.069e+04
 21  2.113e+06    2.655e+04    5.154e+03   -1.059e+04
 22  2.213e+06   -2.654e+04    4.838e+03    1.058e+04
 23  2.312e+06    2.659e+04    4.550e+03   -1.051e+04
 24  2.411e+06   -2.659e+04    4.271e+03    1.050e+04
 25  2.510e+06    2.663e+04    4.014e+03   -1.044e+04
 26  2.610e+06   -2.662e+04    3.766e+03    1.043e+04
 27  2.709e+06    2.666e+04    3.536e+03   -1.039e+04
 28  2.809e+06   -2.665e+04    3.313e+03    1.038e+04
 29  2.908e+06    2.668e+04    3.105e+03   -1.035e+04
 30  3.007e+06   -2.668e+04    2.902e+03    1.034e+04
 31  3.107e+06    2.670e+04    2.712e+03   -1.031e+04
 32  3.206e+06   -2.670e+04    2.526e+03    1.031e+04
 33  3.306e+06    2.671e+04    2.351e+03   -1.029e+04
 34  3.406e+06   -2.671e+04    2.179e+03    1.028e+04
 35  3.505e+06    2.672e+04    2.015e+03   -1.026e+04
 36  3.605e+06   -2.672e+04    1.855e+03    1.026e+04
 37  3.704e+06    2.673e+04    1.701e+03   -1.025e+04
 38  3.804e+06   -2.673e+04    1.550e+03    1.024e+04
 39  3.904e+06    2.674e+04    1.404e+03   -1.023e+04
 40  4.003e+06   -2.674e+04    1.260e+03    1.023e+04
 41  4.103e+06    2.675e+04    1.120e+03   -1.022e+04
 42  4.203e+06   -2.675e+04    9.819e+02    1.022e+04
 43  4.302e+06    2.675e+04    8.471e+02   -1.021e+04
 44  4.402e+06   -2.675e+04    7.131e+02    1.021e+04
 45  4.501e+06    2.675e+04    5.817e+02   -1.021e+04
 46  4.601e+06   -2.675e+04    4.507e+02    1.021e+04
 47  4.701e+06    2.676e+04    3.216e+02   -1.020e+04
 48  4.800e+06   -2.676e+04    1.923e+02    1.020e+04
 49  4.900e+06    2.676e+04    6.437e+01   -1.020e+04
 50  5.000e+06   -2.676e+04   -6.437e+01    1.020e+04
 51  5.100e+06    2.676e+04   -1.923e+02   -1.020e+04
 52  5.199e+06   -2.676e+04   -3.216e+02    1.020e+04
 53  5.299e+06    2.675e+04   -4.507e+02   -1.021e+04
 54  5.399e+06   -2.675e+04   -5.817e+02    1.021e+04
 55  5.498e+06    2.675e+04   -7.131e+02   -1.021e+04
 56  5.598e+06   -2.675e+04   -8.471e+02    1.021e+04
 57  5.697e+06    2.675e+04   -9.819e+02   -1.022e+04
 58  5.797e+06   -2.675e+04   -1.120e+03    1.022e+04
 59  5.897e+06    2.674e+04   -1.260e+03   -1.023e+04
 60  5.996e+06   -2.674e+04   -1.404e+03    1.023e+04
 61  6.096e+06    2.673e+04   -1.550e+03   -1.024e+04
 62  6.196e+06   -2.673e+04   -1.701e+03    1.025e+04
 63  6.295e+06    2.672e+04   -1.855e+03   -1.026e+04
 64  6.395e+06   -2.672e+04   -2.015e+03    1.026e+04
 65  6.494e+06    2.671e+04   -2.179e+03   -1.028e+04
 66  6.594e+06   -2.671e+04   -2.351e+03    1.029e+04
 67  6.694e+06    2.670e+04   -2.526e+03   -1.031e+04
 68  6.793e+06   -2.670e+04   -2.712e+03    1.031e+04
 69  6.893e+06    2.668e+04   -2.902e+03   -1.034e+04
 70  6.992e+06   -2.668e+04   -3.105e+03    1.035e+04
 71  7.091e+06    2.665e+04   -3.313e+03   -1.038e+04
 72  7.191e+06   -2.666e+04   -3.536e+03    1.039e+04
 73  7.290e+06    2.662e+04   -3.766e+03   -1.043e+04
 74  7.390e+06   -2.663e+04   -4.014e+03    1.044e+04
 75  7.489e+06    2.659e+04   -4.271e+03   -1.050e+04
 76  7.588e+06   -2.659e+04   -4.550e+03    1.051e+04
 77  7.687e+06    2.654e+04   -4.838e+03   -1.058e+04
 78  7.787e+06   -2.655e+04   -5.154e+03    1.059e+04
 79  7.886e+06    2.647e+04   -5.481e+03   -1.069e+04
 80  7.985e+06   -2.650e+04   -5.841e+03    1.070e+04
 81  8.084e+06    2.638e+04   -6.213e+03   -1.085e+04
 82  8.182e+06   -2.643e+04   -6.620e+03    1.084e+04
 83  8.281e+06    2.624e+04   -7.039e+03   -1.107e+04
 84  8.380e+06   -2.634e+04   -7.483e+03    1.102e+04
 85  8.478e+06    2.604e+04   -7.933e+03   -1.140e+04
 86  8.576e+06   -2.624e+04   -8.333e+03    1.124e+04
 87  8.674e+06    2.567e+04   -8.697e+03   -1.198e+04
 88  8.772e+06   -2.621e+04   -8.533e+03    1.143e+04
 89  8.870e+06    2.481e+04   -7.760e+03   -1.338e+04
 90  8.970e+06   -2.659e+04    4.806e+02    1.250e+04
 91  9.052e+06   -1.082e+04   -1.796e+05   -2.258e+05
 92  9.148e+06   -7.842e+04   -6.091e+04   -7.052e+04
 93  9.250e+06    8.895e+02   -2.889e+04   -4.065e+04
 94  9.346e+06   -7.175e+04   -1.428e+04   -1.955e+04
 95  9.425e+06   -3.288e+04   -4.270e+04   -8.126e+04
 96  9.437e+06   -7.743e+04   -1.227e+05    2.081e+04
 97  9.642e+06   -5.084e+02   -5.043e+04    2.109e+04
 98  9.058e+06    6.100e+04   -5.263e+04    3.538e+05
 99  9.652e+06    1.511e+05   -7.093e+04    2.357e+04

   PE = -7.035612e+36, KE = 1.304554e+36, Total Energy = -5.731058e+36
Elapsed time = 2.062798e-02 seconds

Sequential elapsed time: 0.037111s
Parallel elapsed time: 0.020632s
Test PASSED
